/home/fld1/miniconda3/envs/llj/lib/python3.12/site-packages/intake_esm/__init__.py:6: UserWarning: pkg_resources is deprecated as an API. See https://setuptools.pypa.io/en/latest/pkg_resources.html. The pkg_resources package is slated for removal as early as 2025-11-30. Refrain from using this package or pin to Setuptools<81.
  from pkg_resources import DistributionNotFound, get_distribution
/home/fld1/miniconda3/envs/llj/lib/python3.12/site-packages/intake_esm/__init__.py:6: UserWarning: pkg_resources is deprecated as an API. See https://setuptools.pypa.io/en/latest/pkg_resources.html. The pkg_resources package is slated for removal as early as 2025-11-30. Refrain from using this package or pin to Setuptools<81.
  from pkg_resources import DistributionNotFound, get_distribution
/home/fld1/miniconda3/envs/llj/lib/python3.12/site-packages/intake_esm/__init__.py:6: UserWarning: pkg_resources is deprecated as an API. See https://setuptools.pypa.io/en/latest/pkg_resources.html. The pkg_resources package is slated for removal as early as 2025-11-30. Refrain from using this package or pin to Setuptools<81.
  from pkg_resources import DistributionNotFound, get_distribution
/home/fld1/miniconda3/envs/llj/lib/python3.12/site-packages/intake_esm/__init__.py:6: UserWarning: pkg_resources is deprecated as an API. See https://setuptools.pypa.io/en/latest/pkg_resources.html. The pkg_resources package is slated for removal as early as 2025-11-30. Refrain from using this package or pin to Setuptools<81.
  from pkg_resources import DistributionNotFound, get_distribution
/home/fld1/miniconda3/envs/llj/lib/python3.12/site-packages/intake_esm/__init__.py:6: UserWarning: pkg_resources is deprecated as an API. See https://setuptools.pypa.io/en/latest/pkg_resources.html. The pkg_resources package is slated for removal as early as 2025-11-30. Refrain from using this package or pin to Setuptools<81.
  from pkg_resources import DistributionNotFound, get_distribution
/home/fld1/miniconda3/envs/llj/lib/python3.12/site-packages/intake_esm/__init__.py:6: UserWarning: pkg_resources is deprecated as an API. See https://setuptools.pypa.io/en/latest/pkg_resources.html. The pkg_resources package is slated for removal as early as 2025-11-30. Refrain from using this package or pin to Setuptools<81.
  from pkg_resources import DistributionNotFound, get_distribution
2026-03-17 20:52:00,603 - distributed.worker - ERROR - Failed to communicate with scheduler during heartbeat.
Traceback (most recent call last):
  File "/home/fld1/miniconda3/envs/llj/lib/python3.12/site-packages/distributed/comm/tcp.py", line 226, in read
    frames_nosplit_nbytes_bin = await stream.read_bytes(fmt_size)
                                ^^^^^^^^^^^^^^^^^^^^^^^^^^^^^^^^^
tornado.iostream.StreamClosedError: Stream is closed

The above exception was the direct cause of the following exception:

Traceback (most recent call last):
  File "/home/fld1/miniconda3/envs/llj/lib/python3.12/site-packages/distributed/worker.py", line 1267, in heartbeat
    response = await retry_operation(
               ^^^^^^^^^^^^^^^^^^^^^^
  File "/home/fld1/miniconda3/envs/llj/lib/python3.12/site-packages/distributed/utils_comm.py", line 416, in retry_operation
    return await retry(
           ^^^^^^^^^^^^
  File "/home/fld1/miniconda3/envs/llj/lib/python3.12/site-packages/distributed/utils_comm.py", line 395, in retry
    return await coro()
           ^^^^^^^^^^^^
  File "/home/fld1/miniconda3/envs/llj/lib/python3.12/site-packages/distributed/core.py", line 1259, in send_recv_from_rpc
    return await send_recv(comm=comm, op=key, **kwargs)
           ^^^^^^^^^^^^^^^^^^^^^^^^^^^^^^^^^^^^^^^^^^^^
  File "/home/fld1/miniconda3/envs/llj/lib/python3.12/site-packages/distributed/core.py", line 1018, in send_recv
    response = await comm.read(deserializers=deserializers)
               ^^^^^^^^^^^^^^^^^^^^^^^^^^^^^^^^^^^^^^^^^^^^
  File "/home/fld1/miniconda3/envs/llj/lib/python3.12/site-packages/distributed/comm/tcp.py", line 237, in read
    convert_stream_closed_error(self, e)
  File "/home/fld1/miniconda3/envs/llj/lib/python3.12/site-packages/distributed/comm/tcp.py", line 137, in convert_stream_closed_error
    raise CommClosedError(f"in {obj}: {exc}") from exc
distributed.comm.core.CommClosedError: in <TCP (closed) ConnectionPool.heartbeat_worker local=tcp://127.0.0.1:59704 remote=tcp://127.0.0.1:38691>: Stream is closed
[Parallel(n_jobs=32)]: Using backend LokyBackend with 32 concurrent workers.
[Parallel(n_jobs=32)]: Done   8 tasks      | elapsed:    2.8s
[Parallel(n_jobs=32)]: Done  98 tasks      | elapsed:    9.4s
[Parallel(n_jobs=32)]: Done 187 out of 208 | elapsed:   14.8s remaining:    1.7s
[Parallel(n_jobs=32)]: Done 208 out of 208 | elapsed:   16.1s finished
[Parallel(n_jobs=32)]: Using backend LokyBackend with 32 concurrent workers.
[Parallel(n_jobs=32)]: Done   8 tasks      | elapsed:    0.5s
[Parallel(n_jobs=32)]: Done  98 tasks      | elapsed:    2.2s
[Parallel(n_jobs=32)]: Done 187 out of 208 | elapsed:    4.0s remaining:    0.4s
[Parallel(n_jobs=32)]: Done 208 out of 208 | elapsed:    4.4s finished
[Parallel(n_jobs=32)]: Using backend LokyBackend with 32 concurrent workers.
[Parallel(n_jobs=32)]: Done   8 tasks      | elapsed:    0.7s
[Parallel(n_jobs=32)]: Done  98 tasks      | elapsed:    2.5s
[Parallel(n_jobs=32)]: Done 187 out of 208 | elapsed:    4.2s remaining:    0.5s
[Parallel(n_jobs=32)]: Done 208 out of 208 | elapsed:    4.6s finished
[Parallel(n_jobs=32)]: Using backend LokyBackend with 32 concurrent workers.
[Parallel(n_jobs=32)]: Done   8 tasks      | elapsed:    0.8s
[Parallel(n_jobs=32)]: Done  98 tasks      | elapsed:    2.2s
[Parallel(n_jobs=32)]: Done 187 out of 208 | elapsed:    3.8s remaining:    0.4s
[Parallel(n_jobs=32)]: Done 208 out of 208 | elapsed:    4.0s finished
[Parallel(n_jobs=32)]: Using backend LokyBackend with 32 concurrent workers.
[Parallel(n_jobs=32)]: Done   8 tasks      | elapsed:    0.6s
[Parallel(n_jobs=32)]: Done  98 tasks      | elapsed:    2.4s
[Parallel(n_jobs=32)]: Done 187 out of 208 | elapsed:    4.1s remaining:    0.5s
[Parallel(n_jobs=32)]: Done 208 out of 208 | elapsed:    4.2s finished
[Parallel(n_jobs=32)]: Using backend LokyBackend with 32 concurrent workers.
[Parallel(n_jobs=32)]: Done   8 tasks      | elapsed:    0.2s
[Parallel(n_jobs=32)]: Done 145 out of 208 | elapsed:    1.2s remaining:    0.5s
[Parallel(n_jobs=32)]: Done 208 out of 208 | elapsed:    1.3s finished
