/home/fld1/miniconda3/envs/llj/lib/python3.12/site-packages/intake_esm/__init__.py:6: UserWarning: pkg_resources is deprecated as an API. See https://setuptools.pypa.io/en/latest/pkg_resources.html. The pkg_resources package is slated for removal as early as 2025-11-30. Refrain from using this package or pin to Setuptools<81.
  from pkg_resources import DistributionNotFound, get_distribution
/home/fld1/miniconda3/envs/llj/lib/python3.12/site-packages/intake_esm/__init__.py:6: UserWarning: pkg_resources is deprecated as an API. See https://setuptools.pypa.io/en/latest/pkg_resources.html. The pkg_resources package is slated for removal as early as 2025-11-30. Refrain from using this package or pin to Setuptools<81.
  from pkg_resources import DistributionNotFound, get_distribution
/home/fld1/miniconda3/envs/llj/lib/python3.12/site-packages/intake_esm/__init__.py:6: UserWarning: pkg_resources is deprecated as an API. See https://setuptools.pypa.io/en/latest/pkg_resources.html. The pkg_resources package is slated for removal as early as 2025-11-30. Refrain from using this package or pin to Setuptools<81.
  from pkg_resources import DistributionNotFound, get_distribution
/home/fld1/miniconda3/envs/llj/lib/python3.12/site-packages/intake_esm/__init__.py:6: UserWarning: pkg_resources is deprecated as an API. See https://setuptools.pypa.io/en/latest/pkg_resources.html. The pkg_resources package is slated for removal as early as 2025-11-30. Refrain from using this package or pin to Setuptools<81.
  from pkg_resources import DistributionNotFound, get_distribution
/home/fld1/miniconda3/envs/llj/lib/python3.12/site-packages/intake_esm/__init__.py:6: UserWarning: pkg_resources is deprecated as an API. See https://setuptools.pypa.io/en/latest/pkg_resources.html. The pkg_resources package is slated for removal as early as 2025-11-30. Refrain from using this package or pin to Setuptools<81.
  from pkg_resources import DistributionNotFound, get_distribution
/home/fld1/miniconda3/envs/llj/lib/python3.12/site-packages/intake_esm/__init__.py:6: UserWarning: pkg_resources is deprecated as an API. See https://setuptools.pypa.io/en/latest/pkg_resources.html. The pkg_resources package is slated for removal as early as 2025-11-30. Refrain from using this package or pin to Setuptools<81.
  from pkg_resources import DistributionNotFound, get_distribution
[Parallel(n_jobs=32)]: Using backend LokyBackend with 32 concurrent workers.
[Parallel(n_jobs=32)]: Done   8 tasks      | elapsed:    2.8s
[Parallel(n_jobs=32)]: Done  98 tasks      | elapsed:   10.2s
[Parallel(n_jobs=32)]: Done 224 tasks      | elapsed:   17.6s
[Parallel(n_jobs=32)]: Done 386 tasks      | elapsed:   30.5s
[Parallel(n_jobs=32)]: Done 488 out of 488 | elapsed:   36.9s finished
[Parallel(n_jobs=32)]: Using backend LokyBackend with 32 concurrent workers.
[Parallel(n_jobs=32)]: Done   8 tasks      | elapsed:    0.5s
[Parallel(n_jobs=32)]: Done  98 tasks      | elapsed:    1.7s
[Parallel(n_jobs=32)]: Done 224 tasks      | elapsed:    3.9s
[Parallel(n_jobs=32)]: Done 386 tasks      | elapsed:    6.8s
[Parallel(n_jobs=32)]: Done 488 out of 488 | elapsed:    8.2s finished
[Parallel(n_jobs=32)]: Using backend LokyBackend with 32 concurrent workers.
[Parallel(n_jobs=32)]: Done   8 tasks      | elapsed:    0.6s
[Parallel(n_jobs=32)]: Done  98 tasks      | elapsed:    2.1s
[Parallel(n_jobs=32)]: Done 224 tasks      | elapsed:    4.4s
[Parallel(n_jobs=32)]: Done 386 tasks      | elapsed:    7.2s
[Parallel(n_jobs=32)]: Done 488 out of 488 | elapsed:    8.7s finished
[Parallel(n_jobs=32)]: Using backend LokyBackend with 32 concurrent workers.
[Parallel(n_jobs=32)]: Done   8 tasks      | elapsed:    0.8s
[Parallel(n_jobs=32)]: Done  98 tasks      | elapsed:    2.5s
[Parallel(n_jobs=32)]: Done 224 tasks      | elapsed:    4.1s
[Parallel(n_jobs=32)]: Done 386 tasks      | elapsed:    6.6s
[Parallel(n_jobs=32)]: Done 488 out of 488 | elapsed:    7.9s finished
[Parallel(n_jobs=32)]: Using backend LokyBackend with 32 concurrent workers.
[Parallel(n_jobs=32)]: Done   8 tasks      | elapsed:    0.7s
[Parallel(n_jobs=32)]: Done  98 tasks      | elapsed:    2.2s
[Parallel(n_jobs=32)]: Done 224 tasks      | elapsed:    4.2s
[Parallel(n_jobs=32)]: Done 386 tasks      | elapsed:    7.0s
[Parallel(n_jobs=32)]: Done 488 out of 488 | elapsed:    8.1s finished
[Parallel(n_jobs=32)]: Using backend LokyBackend with 32 concurrent workers.
[Parallel(n_jobs=32)]: Done   8 tasks      | elapsed:    0.2s
[Parallel(n_jobs=32)]: Done 132 tasks      | elapsed:    1.1s
[Parallel(n_jobs=32)]: Done 384 tasks      | elapsed:    2.5s
[Parallel(n_jobs=32)]: Done 488 out of 488 | elapsed:    3.1s finished
