/home/fld1/miniconda3/envs/llj/lib/python3.12/site-packages/intake_esm/__init__.py:6: UserWarning: pkg_resources is deprecated as an API. See https://setuptools.pypa.io/en/latest/pkg_resources.html. The pkg_resources package is slated for removal as early as 2025-11-30. Refrain from using this package or pin to Setuptools<81.
  from pkg_resources import DistributionNotFound, get_distribution
/home/fld1/miniconda3/envs/llj/lib/python3.12/site-packages/intake_esm/__init__.py:6: UserWarning: pkg_resources is deprecated as an API. See https://setuptools.pypa.io/en/latest/pkg_resources.html. The pkg_resources package is slated for removal as early as 2025-11-30. Refrain from using this package or pin to Setuptools<81.
  from pkg_resources import DistributionNotFound, get_distribution
/home/fld1/miniconda3/envs/llj/lib/python3.12/site-packages/intake_esm/__init__.py:6: UserWarning: pkg_resources is deprecated as an API. See https://setuptools.pypa.io/en/latest/pkg_resources.html. The pkg_resources package is slated for removal as early as 2025-11-30. Refrain from using this package or pin to Setuptools<81.
  from pkg_resources import DistributionNotFound, get_distribution
/home/fld1/miniconda3/envs/llj/lib/python3.12/site-packages/intake_esm/__init__.py:6: UserWarning: pkg_resources is deprecated as an API. See https://setuptools.pypa.io/en/latest/pkg_resources.html. The pkg_resources package is slated for removal as early as 2025-11-30. Refrain from using this package or pin to Setuptools<81.
  from pkg_resources import DistributionNotFound, get_distribution
/home/fld1/miniconda3/envs/llj/lib/python3.12/site-packages/intake_esm/__init__.py:6: UserWarning: pkg_resources is deprecated as an API. See https://setuptools.pypa.io/en/latest/pkg_resources.html. The pkg_resources package is slated for removal as early as 2025-11-30. Refrain from using this package or pin to Setuptools<81.
  from pkg_resources import DistributionNotFound, get_distribution
/home/fld1/miniconda3/envs/llj/lib/python3.12/site-packages/intake_esm/__init__.py:6: UserWarning: pkg_resources is deprecated as an API. See https://setuptools.pypa.io/en/latest/pkg_resources.html. The pkg_resources package is slated for removal as early as 2025-11-30. Refrain from using this package or pin to Setuptools<81.
  from pkg_resources import DistributionNotFound, get_distribution
/home/fld1/miniconda3/envs/llj/lib/python3.12/site-packages/intake_esm/__init__.py:6: UserWarning: pkg_resources is deprecated as an API. See https://setuptools.pypa.io/en/latest/pkg_resources.html. The pkg_resources package is slated for removal as early as 2025-11-30. Refrain from using this package or pin to Setuptools<81.
  from pkg_resources import DistributionNotFound, get_distribution
/home/fld1/miniconda3/envs/llj/lib/python3.12/site-packages/intake_esm/__init__.py:6: UserWarning: pkg_resources is deprecated as an API. See https://setuptools.pypa.io/en/latest/pkg_resources.html. The pkg_resources package is slated for removal as early as 2025-11-30. Refrain from using this package or pin to Setuptools<81.
  from pkg_resources import DistributionNotFound, get_distribution
/home/fld1/miniconda3/envs/llj/lib/python3.12/site-packages/intake_esm/__init__.py:6: UserWarning: pkg_resources is deprecated as an API. See https://setuptools.pypa.io/en/latest/pkg_resources.html. The pkg_resources package is slated for removal as early as 2025-11-30. Refrain from using this package or pin to Setuptools<81.
  from pkg_resources import DistributionNotFound, get_distribution
/home/fld1/miniconda3/envs/llj/lib/python3.12/site-packages/intake_esm/__init__.py:6: UserWarning: pkg_resources is deprecated as an API. See https://setuptools.pypa.io/en/latest/pkg_resources.html. The pkg_resources package is slated for removal as early as 2025-11-30. Refrain from using this package or pin to Setuptools<81.
  from pkg_resources import DistributionNotFound, get_distribution
/home/fld1/miniconda3/envs/llj/lib/python3.12/site-packages/intake_esm/__init__.py:6: UserWarning: pkg_resources is deprecated as an API. See https://setuptools.pypa.io/en/latest/pkg_resources.html. The pkg_resources package is slated for removal as early as 2025-11-30. Refrain from using this package or pin to Setuptools<81.
  from pkg_resources import DistributionNotFound, get_distribution
/home/fld1/miniconda3/envs/llj/lib/python3.12/site-packages/intake_esm/__init__.py:6: UserWarning: pkg_resources is deprecated as an API. See https://setuptools.pypa.io/en/latest/pkg_resources.html. The pkg_resources package is slated for removal as early as 2025-11-30. Refrain from using this package or pin to Setuptools<81.
  from pkg_resources import DistributionNotFound, get_distribution
/home/fld1/miniconda3/envs/llj/lib/python3.12/site-packages/intake_esm/__init__.py:6: UserWarning: pkg_resources is deprecated as an API. See https://setuptools.pypa.io/en/latest/pkg_resources.html. The pkg_resources package is slated for removal as early as 2025-11-30. Refrain from using this package or pin to Setuptools<81.
  from pkg_resources import DistributionNotFound, get_distribution
/home/fld1/miniconda3/envs/llj/lib/python3.12/site-packages/intake_esm/__init__.py:6: UserWarning: pkg_resources is deprecated as an API. See https://setuptools.pypa.io/en/latest/pkg_resources.html. The pkg_resources package is slated for removal as early as 2025-11-30. Refrain from using this package or pin to Setuptools<81.
  from pkg_resources import DistributionNotFound, get_distribution
/home/fld1/miniconda3/envs/llj/lib/python3.12/site-packages/intake_esm/__init__.py:6: UserWarning: pkg_resources is deprecated as an API. See https://setuptools.pypa.io/en/latest/pkg_resources.html. The pkg_resources package is slated for removal as early as 2025-11-30. Refrain from using this package or pin to Setuptools<81.
  from pkg_resources import DistributionNotFound, get_distribution
/home/fld1/miniconda3/envs/llj/lib/python3.12/site-packages/intake_esm/__init__.py:6: UserWarning: pkg_resources is deprecated as an API. See https://setuptools.pypa.io/en/latest/pkg_resources.html. The pkg_resources package is slated for removal as early as 2025-11-30. Refrain from using this package or pin to Setuptools<81.
  from pkg_resources import DistributionNotFound, get_distribution
/home/fld1/miniconda3/envs/llj/lib/python3.12/site-packages/intake_esm/__init__.py:6: UserWarning: pkg_resources is deprecated as an API. See https://setuptools.pypa.io/en/latest/pkg_resources.html. The pkg_resources package is slated for removal as early as 2025-11-30. Refrain from using this package or pin to Setuptools<81.
  from pkg_resources import DistributionNotFound, get_distribution
/home/fld1/miniconda3/envs/llj/lib/python3.12/site-packages/intake_esm/__init__.py:6: UserWarning: pkg_resources is deprecated as an API. See https://setuptools.pypa.io/en/latest/pkg_resources.html. The pkg_resources package is slated for removal as early as 2025-11-30. Refrain from using this package or pin to Setuptools<81.
  from pkg_resources import DistributionNotFound, get_distribution
/home/fld1/miniconda3/envs/llj/lib/python3.12/site-packages/intake_esm/source.py:77: SerializationWarning: Unable to decode time axis into full numpy.datetime64[ns] objects, continuing using cftime.datetime objects instead, reason: dates out of range. To silence this warning use a coarser resolution 'time_unit' or specify 'use_cftime=True'.
  ds = xr.open_dataset(url, **xarray_open_kwargs)
/home/fld1/miniconda3/envs/llj/lib/python3.12/site-packages/intake_esm/source.py:77: SerializationWarning: Unable to decode time axis into full numpy.datetime64[ns] objects, continuing using cftime.datetime objects instead, reason: dates out of range. To silence this warning use a coarser resolution 'time_unit' or specify 'use_cftime=True'.
  ds = xr.open_dataset(url, **xarray_open_kwargs)
/home/fld1/miniconda3/envs/llj/lib/python3.12/site-packages/intake_esm/source.py:77: SerializationWarning: Unable to decode time axis into full numpy.datetime64[ns] objects, continuing using cftime.datetime objects instead, reason: dates out of range. To silence this warning use a coarser resolution 'time_unit' or specify 'use_cftime=True'.
  ds = xr.open_dataset(url, **xarray_open_kwargs)
/home/fld1/miniconda3/envs/llj/lib/python3.12/site-packages/intake_esm/source.py:77: SerializationWarning: Unable to decode time axis into full numpy.datetime64[ns] objects, continuing using cftime.datetime objects instead, reason: dates out of range. To silence this warning use a coarser resolution 'time_unit' or specify 'use_cftime=True'.
  ds = xr.open_dataset(url, **xarray_open_kwargs)
/home/fld1/miniconda3/envs/llj/lib/python3.12/site-packages/intake_esm/source.py:77: SerializationWarning: Unable to decode time axis into full numpy.datetime64[ns] objects, continuing using cftime.datetime objects instead, reason: dates out of range. To silence this warning use a coarser resolution 'time_unit' or specify 'use_cftime=True'.
  ds = xr.open_dataset(url, **xarray_open_kwargs)
/home/fld1/miniconda3/envs/llj/lib/python3.12/site-packages/intake_esm/source.py:77: SerializationWarning: Unable to decode time axis into full numpy.datetime64[ns] objects, continuing using cftime.datetime objects instead, reason: dates out of range. To silence this warning use a coarser resolution 'time_unit' or specify 'use_cftime=True'.
  ds = xr.open_dataset(url, **xarray_open_kwargs)
2026-05-13 09:03:48,803 - distributed.worker.memory - WARNING - Worker is at 90% memory usage. Pausing worker.  Process memory: 3.36 GiB -- Worker memory limit: 3.73 GiB
2026-05-13 09:03:50,118 - distributed.worker.memory - WARNING - Worker is at 71% memory usage. Resuming worker. Process memory: 2.66 GiB -- Worker memory limit: 3.73 GiB
2026-05-13 09:03:50,119 - distributed.worker.memory - WARNING - Unmanaged memory use is high. This may indicate a memory leak or the memory may not be released to the OS; see https://distributed.dask.org/en/latest/worker-memory.html#memory-not-released-back-to-the-os for more information. -- Unmanaged memory: 2.66 GiB -- Worker memory limit: 3.73 GiB
2026-05-13 09:03:51,244 - distributed.worker.memory - WARNING - Worker is at 85% memory usage. Pausing worker.  Process memory: 3.17 GiB -- Worker memory limit: 3.73 GiB
2026-05-13 09:03:52,252 - distributed.worker.memory - WARNING - Worker is at 58% memory usage. Resuming worker. Process memory: 2.19 GiB -- Worker memory limit: 3.73 GiB
2026-05-13 09:03:53,848 - distributed.worker.memory - WARNING - Worker is at 86% memory usage. Pausing worker.  Process memory: 3.22 GiB -- Worker memory limit: 3.73 GiB
2026-05-13 09:03:55,213 - distributed.worker.memory - WARNING - Worker is at 43% memory usage. Resuming worker. Process memory: 1.61 GiB -- Worker memory limit: 3.73 GiB
2026-05-13 09:03:56,897 - distributed.worker.memory - WARNING - Worker is at 83% memory usage. Pausing worker.  Process memory: 3.12 GiB -- Worker memory limit: 3.73 GiB
2026-05-13 09:03:57,464 - distributed.worker.memory - WARNING - Worker is at 53% memory usage. Resuming worker. Process memory: 2.01 GiB -- Worker memory limit: 3.73 GiB
2026-05-13 09:04:01,609 - distributed.worker.memory - WARNING - Worker is at 80% memory usage. Pausing worker.  Process memory: 2.99 GiB -- Worker memory limit: 3.73 GiB
2026-05-13 09:04:01,772 - distributed.worker.memory - WARNING - Worker is at 77% memory usage. Resuming worker. Process memory: 2.87 GiB -- Worker memory limit: 3.73 GiB
Traceback (most recent call last):
  File "/home/fld1/SALLJ/scripts/MJO/SALLJ.py", line 648, in <module>
    cf = ax.contourf(lons_plot, lats_plot, z_reg, levels=np.linspace(-30, 30, 13), cmap='RdBu_r', extend='both')
         ^^^^^^^^^^^^^^^^^^^^^^^^^^^^^^^^^^^^^^^^^^^^^^^^^^^^^^^^^^^^^^^^^^^^^^^^^^^^^^^^^^^^^^^^^^^^^^^^^^^^^^^
  File "/home/fld1/miniconda3/envs/llj/lib/python3.12/site-packages/matplotlib/__init__.py", line 1521, in inner
    return func(
           ^^^^^
  File "/home/fld1/miniconda3/envs/llj/lib/python3.12/site-packages/matplotlib/axes/_axes.py", line 6794, in contourf
    contours = mcontour.QuadContourSet(self, *args, **kwargs)
               ^^^^^^^^^^^^^^^^^^^^^^^^^^^^^^^^^^^^^^^^^^^^^^
  File "/home/fld1/miniconda3/envs/llj/lib/python3.12/site-packages/matplotlib/contour.py", line 701, in __init__
    kwargs = self._process_args(*args, **kwargs)
             ^^^^^^^^^^^^^^^^^^^^^^^^^^^^^^^^^^^
  File "/home/fld1/miniconda3/envs/llj/lib/python3.12/site-packages/matplotlib/contour.py", line 1319, in _process_args
    x, y, z = self._contour_args(args, kwargs)
              ^^^^^^^^^^^^^^^^^^^^^^^^^^^^^^^^
  File "/home/fld1/miniconda3/envs/llj/lib/python3.12/site-packages/matplotlib/contour.py", line 1359, in _contour_args
    x, y, z = self._check_xyz(x, y, z_orig, kwargs)
              ^^^^^^^^^^^^^^^^^^^^^^^^^^^^^^^^^^^^^
  File "/home/fld1/miniconda3/envs/llj/lib/python3.12/site-packages/matplotlib/contour.py", line 1385, in _check_xyz
    raise TypeError(f"Input z must be 2D, not {z.ndim}D")
TypeError: Input z must be 2D, not 3D
