
Job:         2012262
Node:        hpc07
CPUs:        32
Script dir:  /home/fld1/SALLJ/scripts/MJO
Started:     Tue May 12 18:27:03 EDT 2026

[1/3] Running SALLJ detection
Script dir : /home/fld1/SALLJ/scripts/MJO
Project dir: /home/fld1/SALLJ
Figure dir : /home/fld1/SALLJ/figures/MJO
Data dir   : /home/fld1/SALLJ/local_data/MJO
Initializing Dask cluster
<Client: 'tcp://127.0.0.1:45271' processes=32 threads=32, memory=119.21 GiB>
Dashboard: http://127.0.0.1:46169/status

Historical entries found:
   experiment_id member_id
0     historical  r1i1p1f1
3     historical  r5i1p1f1
4     historical  r2i1p1f1
7     historical  r3i1p1f1
10    historical  r4i1p1f1

SSP585 entries found:
  experiment_id member_id
0        ssp585  r1i1p1f1

--> The keys in the returned dictionary of datasets are constructed as follows:
	'activity_id.institution_id.source_id.experiment_id.table_id.grid_label'
█ |----------------------------------------| 0.00% [0/1 00:00<?] |████████████████████████████████████████| 100.00% [1/1 03:59<00:00]
--> The keys in the returned dictionary of datasets are constructed as follows:
	'activity_id.institution_id.source_id.experiment_id.table_id.grid_label'
█ |----------------------------------------| 0.00% [0/1 00:00<?]ERROR: Detection script failed with exit code 1
