/home/fld1/miniconda3/envs/llj/lib/python3.12/site-packages/intake_esm/__init__.py:6: UserWarning: pkg_resources is deprecated as an API. See https://setuptools.pypa.io/en/latest/pkg_resources.html. The pkg_resources package is slated for removal as early as 2025-11-30. Refrain from using this package or pin to Setuptools<81.
  from pkg_resources import DistributionNotFound, get_distribution
/home/fld1/miniconda3/envs/llj/lib/python3.12/site-packages/intake_esm/__init__.py:6: UserWarning: pkg_resources is deprecated as an API. See https://setuptools.pypa.io/en/latest/pkg_resources.html. The pkg_resources package is slated for removal as early as 2025-11-30. Refrain from using this package or pin to Setuptools<81.
  from pkg_resources import DistributionNotFound, get_distribution
/home/fld1/miniconda3/envs/llj/lib/python3.12/site-packages/intake_esm/__init__.py:6: UserWarning: pkg_resources is deprecated as an API. See https://setuptools.pypa.io/en/latest/pkg_resources.html. The pkg_resources package is slated for removal as early as 2025-11-30. Refrain from using this package or pin to Setuptools<81.
  from pkg_resources import DistributionNotFound, get_distribution
/home/fld1/miniconda3/envs/llj/lib/python3.12/site-packages/intake_esm/__init__.py:6: UserWarning: pkg_resources is deprecated as an API. See https://setuptools.pypa.io/en/latest/pkg_resources.html. The pkg_resources package is slated for removal as early as 2025-11-30. Refrain from using this package or pin to Setuptools<81.
  from pkg_resources import DistributionNotFound, get_distribution
/home/fld1/miniconda3/envs/llj/lib/python3.12/site-packages/intake_esm/__init__.py:6: UserWarning: pkg_resources is deprecated as an API. See https://setuptools.pypa.io/en/latest/pkg_resources.html. The pkg_resources package is slated for removal as early as 2025-11-30. Refrain from using this package or pin to Setuptools<81.
  from pkg_resources import DistributionNotFound, get_distribution
/home/fld1/miniconda3/envs/llj/lib/python3.12/site-packages/intake_esm/__init__.py:6: UserWarning: pkg_resources is deprecated as an API. See https://setuptools.pypa.io/en/latest/pkg_resources.html. The pkg_resources package is slated for removal as early as 2025-11-30. Refrain from using this package or pin to Setuptools<81.
  from pkg_resources import DistributionNotFound, get_distribution
/home/fld1/miniconda3/envs/llj/lib/python3.12/site-packages/intake_esm/__init__.py:6: UserWarning: pkg_resources is deprecated as an API. See https://setuptools.pypa.io/en/latest/pkg_resources.html. The pkg_resources package is slated for removal as early as 2025-11-30. Refrain from using this package or pin to Setuptools<81.
  from pkg_resources import DistributionNotFound, get_distribution
/home/fld1/miniconda3/envs/llj/lib/python3.12/site-packages/intake_esm/__init__.py:6: UserWarning: pkg_resources is deprecated as an API. See https://setuptools.pypa.io/en/latest/pkg_resources.html. The pkg_resources package is slated for removal as early as 2025-11-30. Refrain from using this package or pin to Setuptools<81.
  from pkg_resources import DistributionNotFound, get_distribution
/home/fld1/miniconda3/envs/llj/lib/python3.12/site-packages/intake_esm/__init__.py:6: UserWarning: pkg_resources is deprecated as an API. See https://setuptools.pypa.io/en/latest/pkg_resources.html. The pkg_resources package is slated for removal as early as 2025-11-30. Refrain from using this package or pin to Setuptools<81.
  from pkg_resources import DistributionNotFound, get_distribution
/home/fld1/miniconda3/envs/llj/lib/python3.12/site-packages/intake_esm/__init__.py:6: UserWarning: pkg_resources is deprecated as an API. See https://setuptools.pypa.io/en/latest/pkg_resources.html. The pkg_resources package is slated for removal as early as 2025-11-30. Refrain from using this package or pin to Setuptools<81.
  from pkg_resources import DistributionNotFound, get_distribution
/home/fld1/miniconda3/envs/llj/lib/python3.12/site-packages/intake_esm/__init__.py:6: UserWarning: pkg_resources is deprecated as an API. See https://setuptools.pypa.io/en/latest/pkg_resources.html. The pkg_resources package is slated for removal as early as 2025-11-30. Refrain from using this package or pin to Setuptools<81.
  from pkg_resources import DistributionNotFound, get_distribution
/home/fld1/miniconda3/envs/llj/lib/python3.12/site-packages/intake_esm/__init__.py:6: UserWarning: pkg_resources is deprecated as an API. See https://setuptools.pypa.io/en/latest/pkg_resources.html. The pkg_resources package is slated for removal as early as 2025-11-30. Refrain from using this package or pin to Setuptools<81.
  from pkg_resources import DistributionNotFound, get_distribution
/home/fld1/miniconda3/envs/llj/lib/python3.12/site-packages/intake_esm/__init__.py:6: UserWarning: pkg_resources is deprecated as an API. See https://setuptools.pypa.io/en/latest/pkg_resources.html. The pkg_resources package is slated for removal as early as 2025-11-30. Refrain from using this package or pin to Setuptools<81.
  from pkg_resources import DistributionNotFound, get_distribution
/home/fld1/miniconda3/envs/llj/lib/python3.12/site-packages/intake_esm/__init__.py:6: UserWarning: pkg_resources is deprecated as an API. See https://setuptools.pypa.io/en/latest/pkg_resources.html. The pkg_resources package is slated for removal as early as 2025-11-30. Refrain from using this package or pin to Setuptools<81.
  from pkg_resources import DistributionNotFound, get_distribution
/home/fld1/miniconda3/envs/llj/lib/python3.12/site-packages/intake_esm/__init__.py:6: UserWarning: pkg_resources is deprecated as an API. See https://setuptools.pypa.io/en/latest/pkg_resources.html. The pkg_resources package is slated for removal as early as 2025-11-30. Refrain from using this package or pin to Setuptools<81.
  from pkg_resources import DistributionNotFound, get_distribution
/home/fld1/miniconda3/envs/llj/lib/python3.12/site-packages/intake_esm/__init__.py:6: UserWarning: pkg_resources is deprecated as an API. See https://setuptools.pypa.io/en/latest/pkg_resources.html. The pkg_resources package is slated for removal as early as 2025-11-30. Refrain from using this package or pin to Setuptools<81.
  from pkg_resources import DistributionNotFound, get_distribution
/home/fld1/miniconda3/envs/llj/lib/python3.12/site-packages/intake_esm/__init__.py:6: UserWarning: pkg_resources is deprecated as an API. See https://setuptools.pypa.io/en/latest/pkg_resources.html. The pkg_resources package is slated for removal as early as 2025-11-30. Refrain from using this package or pin to Setuptools<81.
  from pkg_resources import DistributionNotFound, get_distribution
/home/fld1/miniconda3/envs/llj/lib/python3.12/site-packages/intake_esm/__init__.py:6: UserWarning: pkg_resources is deprecated as an API. See https://setuptools.pypa.io/en/latest/pkg_resources.html. The pkg_resources package is slated for removal as early as 2025-11-30. Refrain from using this package or pin to Setuptools<81.
  from pkg_resources import DistributionNotFound, get_distribution
/home/fld1/miniconda3/envs/llj/lib/python3.12/site-packages/intake_esm/source.py:77: SerializationWarning: Unable to decode time axis into full numpy.datetime64[ns] objects, continuing using cftime.datetime objects instead, reason: dates out of range. To silence this warning use a coarser resolution 'time_unit' or specify 'use_cftime=True'.
  ds = xr.open_dataset(url, **xarray_open_kwargs)
/home/fld1/miniconda3/envs/llj/lib/python3.12/site-packages/intake_esm/source.py:77: SerializationWarning: Unable to decode time axis into full numpy.datetime64[ns] objects, continuing using cftime.datetime objects instead, reason: dates out of range. To silence this warning use a coarser resolution 'time_unit' or specify 'use_cftime=True'.
  ds = xr.open_dataset(url, **xarray_open_kwargs)
/home/fld1/miniconda3/envs/llj/lib/python3.12/site-packages/intake_esm/source.py:77: SerializationWarning: Unable to decode time axis into full numpy.datetime64[ns] objects, continuing using cftime.datetime objects instead, reason: dates out of range. To silence this warning use a coarser resolution 'time_unit' or specify 'use_cftime=True'.
  ds = xr.open_dataset(url, **xarray_open_kwargs)
/home/fld1/miniconda3/envs/llj/lib/python3.12/site-packages/intake_esm/source.py:77: SerializationWarning: Unable to decode time axis into full numpy.datetime64[ns] objects, continuing using cftime.datetime objects instead, reason: dates out of range. To silence this warning use a coarser resolution 'time_unit' or specify 'use_cftime=True'.
  ds = xr.open_dataset(url, **xarray_open_kwargs)
/home/fld1/miniconda3/envs/llj/lib/python3.12/site-packages/intake_esm/source.py:77: SerializationWarning: Unable to decode time axis into full numpy.datetime64[ns] objects, continuing using cftime.datetime objects instead, reason: dates out of range. To silence this warning use a coarser resolution 'time_unit' or specify 'use_cftime=True'.
  ds = xr.open_dataset(url, **xarray_open_kwargs)
/home/fld1/miniconda3/envs/llj/lib/python3.12/site-packages/intake_esm/source.py:77: SerializationWarning: Unable to decode time axis into full numpy.datetime64[ns] objects, continuing using cftime.datetime objects instead, reason: dates out of range. To silence this warning use a coarser resolution 'time_unit' or specify 'use_cftime=True'.
  ds = xr.open_dataset(url, **xarray_open_kwargs)
Traceback (most recent call last):
  File "/home/fld1/SALLJ/scripts/MJO/SALLJ.py", line 212, in <module>
    ssp_series = compute_llj_index(
                 ^^^^^^^^^^^^^^^^^^
  File "/home/fld1/SALLJ/scripts/MJO/SALLJ.py", line 68, in compute_llj_index
    series.index = pd.DatetimeIndex(series.index).normalize()
                   ^^^^^^^^^^^^^^^^^^^^^^^^^^^^^^
  File "/home/fld1/miniconda3/envs/llj/lib/python3.12/site-packages/pandas/core/indexes/datetimes.py", line 370, in __new__
    dtarr = DatetimeArray._from_sequence_not_strict(
            ^^^^^^^^^^^^^^^^^^^^^^^^^^^^^^^^^^^^^^^^
  File "/home/fld1/miniconda3/envs/llj/lib/python3.12/site-packages/pandas/core/arrays/datetimes.py", line 371, in _from_sequence_not_strict
    subarr, tz = _sequence_to_dt64(
                 ^^^^^^^^^^^^^^^^^^
  File "/home/fld1/miniconda3/envs/llj/lib/python3.12/site-packages/pandas/core/arrays/datetimes.py", line 2265, in _sequence_to_dt64
    converted, inferred_tz = objects_to_datetime64(
                             ^^^^^^^^^^^^^^^^^^^^^^
  File "/home/fld1/miniconda3/envs/llj/lib/python3.12/site-packages/pandas/core/arrays/datetimes.py", line 2415, in objects_to_datetime64
    result, tz_parsed = tslib.array_to_datetime(
                        ^^^^^^^^^^^^^^^^^^^^^^^^
  File "pandas/_libs/tslib.pyx", line 412, in pandas._libs.tslib.array_to_datetime
  File "pandas/_libs/tslib.pyx", line 596, in pandas._libs.tslib.array_to_datetime
  File "pandas/_libs/tslib.pyx", line 588, in pandas._libs.tslib.array_to_datetime
TypeError: <class 'cftime._cftime.DatetimeProlepticGregorian'> is not convertible to datetime, at position 0
